<?xml version="1.0" encoding="UTF-8"?>
<!-- Generated by org.testng.reporters.JUnitXMLReporter -->
<testsuite ignored="3" hostname="VIVEK" failures="0" tests="1" name="Default test" time="36.164" errors="0" timestamp="2023-09-23T14:24:01 EDT">
  <testcase classname="testcases_amazon.Test_ShoppingCart" name="TC_removeitemsfromcart" time="32.211"/>
  <testcase classname="testcases_amazon.Test_ShoppingCart" name="TC_addsameitemagain" time="0.0">
    <ignored/>
  </testcase> <!-- TC_addsameitemagain -->
  <testcase classname="testcases_amazon.Test_ShoppingCart" name="TC_increaseQuanity" time="0.0">
    <ignored/>
  </testcase> <!-- TC_increaseQuanity -->
  <testcase classname="testcases_amazon.Test_ShoppingCart" name="TC_additemtocart" time="0.0">
    <ignored/>
  </testcase> <!-- TC_additemtocart -->
</testsuite> <!-- Default test -->
