<?xml version="1.0" encoding="UTF-8"?>
<!-- Generated by org.testng.reporters.JUnitXMLReporter -->
<testsuite ignored="3" hostname="VIVEK" failures="0" tests="1" name="Default test" time="220.439" errors="0" timestamp="2023-09-11T15:10:48 EDT">
  <testcase classname="testcases_amazon.Test_Search" name="TC_filtration" time="216.901"/>
  <testcase classname="testcases_amazon.Test_Search" name="TC25_searchitem" time="0.0">
    <ignored/>
  </testcase> <!-- TC25_searchitem -->
  <testcase classname="testcases_amazon.Test_Search" name="TC27_productinfo" time="0.0">
    <ignored/>
  </testcase> <!-- TC27_productinfo -->
  <testcase classname="testcases_amazon.Test_Search" name="TC28_numberofproducts" time="0.0">
    <ignored/>
  </testcase> <!-- TC28_numberofproducts -->
</testsuite> <!-- Default test -->
