<?xml version="1.0" encoding="UTF-8"?>
<testng-results ignored="0" total="1" passed="1" failed="0" skipped="0">
  <reporter-output>
  </reporter-output>
  <suite started-at="2023-09-23T14:23:25 EDT" name="Default suite" finished-at="2023-09-23T14:24:01 EDT" duration-ms="36164">
    <groups>
    </groups>
    <test started-at="2023-09-23T14:23:25 EDT" name="Default test" finished-at="2023-09-23T14:24:01 EDT" duration-ms="36164">
      <class name="testcases_amazon.Test_ShoppingCart">
        <test-method is-config="true" signature="initsetup()[pri:0, instance:testcases_amazon.Test_ShoppingCart@78691363]" started-at="2023-09-23T14:23:25 EDT" name="initsetup" finished-at="2023-09-23T14:23:29 EDT" duration-ms="3856" status="PASS">
          <reporter-output>
          </reporter-output>
        </test-method> <!-- initsetup -->
        <test-method signature="TC_removeitemsfromcart()[pri:0, instance:testcases_amazon.Test_ShoppingCart@78691363]" started-at="2023-09-23T14:23:29 EDT" name="TC_removeitemsfromcart" finished-at="2023-09-23T14:24:01 EDT" duration-ms="32211" status="PASS">
          <reporter-output>
          </reporter-output>
        </test-method> <!-- TC_removeitemsfromcart -->
        <test-method is-config="true" signature="browserclose()[pri:0, instance:testcases_amazon.Test_ShoppingCart@78691363]" started-at="2023-09-23T14:24:01 EDT" name="browserclose" finished-at="2023-09-23T14:24:01 EDT" duration-ms="0" status="PASS">
          <reporter-output>
          </reporter-output>
        </test-method> <!-- browserclose -->
      </class> <!-- testcases_amazon.Test_ShoppingCart -->
    </test> <!-- Default test -->
  </suite> <!-- Default suite -->
</testng-results>
